[2025-11-10T10:26:05.262+0000] {taskinstance.py:1956} INFO - Dependencies all met for dep_context=non-requeueable deps ti=<TaskInstance: spark_batch_pipeline.save_to_hdfs scheduled__2025-11-09T00:00:00+00:00 [queued]>
[2025-11-10T10:26:05.270+0000] {taskinstance.py:1956} INFO - Dependencies all met for dep_context=requeueable deps ti=<TaskInstance: spark_batch_pipeline.save_to_hdfs scheduled__2025-11-09T00:00:00+00:00 [queued]>
[2025-11-10T10:26:05.271+0000] {taskinstance.py:2170} INFO - Starting attempt 2 of 2
[2025-11-10T10:26:05.284+0000] {taskinstance.py:2191} INFO - Executing <Task(DockerOperator): save_to_hdfs> on 2025-11-09 00:00:00+00:00
[2025-11-10T10:26:05.291+0000] {standard_task_runner.py:60} INFO - Started process 472 to run task
[2025-11-10T10:26:05.294+0000] {standard_task_runner.py:87} INFO - Running: ['***', 'tasks', 'run', 'spark_batch_pipeline', 'save_to_hdfs', 'scheduled__2025-11-09T00:00:00+00:00', '--job-id', '5', '--raw', '--subdir', 'DAGS_FOLDER/spark_batch_dag.py', '--cfg-path', '/tmp/tmpa0_uevrb']
[2025-11-10T10:26:05.296+0000] {standard_task_runner.py:88} INFO - Job 5: Subtask save_to_hdfs
[2025-11-10T10:26:05.310+0000] {logging_mixin.py:188} WARNING - /home/***/.local/lib/python3.8/site-packages/***/settings.py:194 DeprecationWarning: The sql_alchemy_conn option in [core] has been moved to the sql_alchemy_conn option in [database] - the old setting has been used, but please update your config.
[2025-11-10T10:26:05.344+0000] {task_command.py:423} INFO - Running <TaskInstance: spark_batch_pipeline.save_to_hdfs scheduled__2025-11-09T00:00:00+00:00 [running]> on host 81ad460b69d6
[2025-11-10T10:26:05.412+0000] {taskinstance.py:2480} INFO - Exporting env vars: AIRFLOW_CTX_DAG_OWNER='***' AIRFLOW_CTX_DAG_ID='spark_batch_pipeline' AIRFLOW_CTX_TASK_ID='save_to_hdfs' AIRFLOW_CTX_EXECUTION_DATE='2025-11-09T00:00:00+00:00' AIRFLOW_CTX_TRY_NUMBER='2' AIRFLOW_CTX_DAG_RUN_ID='scheduled__2025-11-09T00:00:00+00:00'
[2025-11-10T10:26:05.461+0000] {docker.py:359} INFO - Starting docker container from image apache/spark:3.5.0
[2025-11-10T10:26:05.470+0000] {docker.py:367} WARNING - Using remote engine or docker-in-docker and mounting temporary volume from host is not supported. Falling back to `mount_tmp_dir=False` mode. You can set `mount_tmp_dir` parameter to False to disable mounting and remove the warning
[2025-11-10T10:26:07.817+0000] {docker.py:429} INFO - :: loading settings :: url = jar:file:/opt/spark/jars/ivy-2.5.1.jar!/org/apache/ivy/core/settings/ivysettings.xml
[2025-11-10T10:26:07.909+0000] {docker.py:429} INFO - Ivy Default Cache set to: /home/spark/.ivy2/cache
The jars for the packages stored in: /home/spark/.ivy2/jars
[2025-11-10T10:26:07.914+0000] {docker.py:429} INFO - org.apache.spark#spark-sql-kafka-0-10_2.12 added as a dependency
org.apache.hadoop#hadoop-client added as a dependency
[2025-11-10T10:26:07.915+0000] {docker.py:429} INFO - :: resolving dependencies :: org.apache.spark#spark-submit-parent-fca06449-1bef-4a50-8a19-43ddbc871970;1.0
	confs: [default]
[2025-11-10T10:26:12.897+0000] {docker.py:429} INFO - Exception in thread "main" java.io.FileNotFoundException: /home/spark/.ivy2/cache/resolved-org.apache.spark-spark-submit-parent-fca06449-1bef-4a50-8a19-43ddbc871970-1.0.xml (No such file or directory)
[2025-11-10T10:26:12.897+0000] {docker.py:429} INFO - at java.base/java.io.FileOutputStream.open0(Native Method)
	at java.base/java.io.FileOutputStream.open(Unknown Source)
	at java.base/java.io.FileOutputStream.<init>(Unknown Source)
	at java.base/java.io.FileOutputStream.<init>(Unknown Source)
	at org.apache.ivy.plugins.parser.xml.XmlModuleDescriptorWriter.write(XmlModuleDescriptorWriter.java:71)
	at org.apache.ivy.plugins.parser.xml.XmlModuleDescriptorWriter.write(XmlModuleDescriptorWriter.java:63)
	at org.apache.ivy.core.module.descriptor.DefaultModuleDescriptor.toIvyFile(DefaultModuleDescriptor.java:553)
	at org.apache.ivy.core.cache.DefaultResolutionCacheManager.saveResolvedModuleDescriptor(DefaultResolutionCacheManager.java:184)
	at org.apache.ivy.core.resolve.ResolveEngine.resolve(ResolveEngine.java:259)
	at org.apache.ivy.Ivy.resolve(Ivy.java:522)
[2025-11-10T10:26:12.898+0000] {docker.py:429} INFO - at org.apache.spark.deploy.SparkSubmitUtils$.resolveMavenCoordinates(SparkSubmit.scala:1535)
	at org.apache.spark.util.DependencyUtils$.resolveMavenDependencies(DependencyUtils.scala:185)
	at org.apache.spark.deploy.SparkSubmit.prepareSubmitEnvironment(SparkSubmit.scala:334)
	at org.apache.spark.deploy.SparkSubmit.org$apache$spark$deploy$SparkSubmit$$runMain(SparkSubmit.scala:964)
	at org.apache.spark.deploy.SparkSubmit.doRunMain$1(SparkSubmit.scala:194)
	at org.apache.spark.deploy.SparkSubmit.submit(SparkSubmit.scala:217)
	at org.apache.spark.deploy.SparkSubmit.doSubmit(SparkSubmit.scala:91)
[2025-11-10T10:26:12.898+0000] {docker.py:429} INFO - at org.apache.spark.deploy.SparkSubmit$$anon$2.doSubmit(SparkSubmit.scala:1120)
[2025-11-10T10:26:12.898+0000] {docker.py:429} INFO - at org.apache.spark.deploy.SparkSubmit$.main(SparkSubmit.scala:1129)
[2025-11-10T10:26:12.899+0000] {docker.py:429} INFO - at org.apache.spark.deploy.SparkSubmit.main(SparkSubmit.scala)
[2025-11-10T10:26:13.304+0000] {taskinstance.py:2698} ERROR - Task failed with exception
Traceback (most recent call last):
  File "/home/airflow/.local/lib/python3.8/site-packages/docker/api/client.py", line 265, in _raise_for_status
    response.raise_for_status()
  File "/home/airflow/.local/lib/python3.8/site-packages/requests/models.py", line 1021, in raise_for_status
    raise HTTPError(http_error_msg, response=self)
requests.exceptions.HTTPError: 400 Client Error: Bad Request for url: http+docker://localhost/v1.51/containers/create

The above exception was the direct cause of the following exception:

Traceback (most recent call last):
  File "/home/airflow/.local/lib/python3.8/site-packages/airflow/providers/docker/operators/docker.py", line 364, in _run_image
    return self._run_image_with_mounts([*self.mounts, tmp_mount], add_tmp_variable=True)
  File "/home/airflow/.local/lib/python3.8/site-packages/airflow/providers/docker/operators/docker.py", line 391, in _run_image_with_mounts
    self.container = self.cli.create_container(
  File "/home/airflow/.local/lib/python3.8/site-packages/docker/api/container.py", line 439, in create_container
    return self.create_container_from_config(config, name, platform)
  File "/home/airflow/.local/lib/python3.8/site-packages/docker/api/container.py", line 456, in create_container_from_config
    return self._result(res, True)
  File "/home/airflow/.local/lib/python3.8/site-packages/docker/api/client.py", line 271, in _result
    self._raise_for_status(response)
  File "/home/airflow/.local/lib/python3.8/site-packages/docker/api/client.py", line 267, in _raise_for_status
    raise create_api_error_from_http_exception(e) from e
  File "/home/airflow/.local/lib/python3.8/site-packages/docker/errors.py", line 39, in create_api_error_from_http_exception
    raise cls(e, response=response, explanation=explanation) from e
docker.errors.APIError: 400 Client Error for http+docker://localhost/v1.51/containers/create: Bad Request ("invalid mount config for type "bind": bind source path does not exist: /tmp/airflowtmpyz6ej1fm")

During handling of the above exception, another exception occurred:

Traceback (most recent call last):
  File "/home/airflow/.local/lib/python3.8/site-packages/airflow/models/taskinstance.py", line 433, in _execute_task
    result = execute_callable(context=context, **execute_callable_kwargs)
  File "/home/airflow/.local/lib/python3.8/site-packages/airflow/providers/docker/operators/docker.py", line 502, in execute
    return self._run_image()
  File "/home/airflow/.local/lib/python3.8/site-packages/airflow/providers/docker/operators/docker.py", line 373, in _run_image
    return self._run_image_with_mounts(self.mounts, add_tmp_variable=False)
  File "/home/airflow/.local/lib/python3.8/site-packages/airflow/providers/docker/operators/docker.py", line 437, in _run_image_with_mounts
    raise DockerContainerFailedException(f"Docker container failed: {result!r}", logs=log_lines)
airflow.providers.docker.exceptions.DockerContainerFailedException: Docker container failed: {'StatusCode': 1}
[2025-11-10T10:26:13.311+0000] {taskinstance.py:1138} INFO - Marking task as FAILED. dag_id=spark_batch_pipeline, task_id=save_to_hdfs, execution_date=20251109T000000, start_date=20251110T102605, end_date=20251110T102613
[2025-11-10T10:26:13.326+0000] {standard_task_runner.py:107} ERROR - Failed to execute job 5 for task save_to_hdfs (Docker container failed: {'StatusCode': 1}; 472)
[2025-11-10T10:26:13.344+0000] {local_task_job_runner.py:234} INFO - Task exited with return code 1
[2025-11-10T10:26:13.367+0000] {taskinstance.py:3280} INFO - 0 downstream tasks scheduled from follow-on schedule check
