[2025-11-23T11:48:56.833+0000] {taskinstance.py:1956} INFO - Dependencies all met for dep_context=non-requeueable deps ti=<TaskInstance: training_pipeline.train_fraud_model manual__2025-11-23T11:48:55.500725+00:00 [queued]>
[2025-11-23T11:48:56.842+0000] {taskinstance.py:1956} INFO - Dependencies all met for dep_context=requeueable deps ti=<TaskInstance: training_pipeline.train_fraud_model manual__2025-11-23T11:48:55.500725+00:00 [queued]>
[2025-11-23T11:48:56.843+0000] {taskinstance.py:2170} INFO - Starting attempt 1 of 1
[2025-11-23T11:48:56.855+0000] {taskinstance.py:2191} INFO - Executing <Task(DockerOperator): train_fraud_model> on 2025-11-23 11:48:55.500725+00:00
[2025-11-23T11:48:56.860+0000] {standard_task_runner.py:60} INFO - Started process 199 to run task
[2025-11-23T11:48:56.864+0000] {standard_task_runner.py:87} INFO - Running: ['***', 'tasks', 'run', 'training_pipeline', 'train_fraud_model', 'manual__2025-11-23T11:48:55.500725+00:00', '--job-id', '3', '--raw', '--subdir', 'DAGS_FOLDER/train.py', '--cfg-path', '/tmp/tmpb9gejolm']
[2025-11-23T11:48:56.866+0000] {standard_task_runner.py:88} INFO - Job 3: Subtask train_fraud_model
[2025-11-23T11:48:56.930+0000] {task_command.py:423} INFO - Running <TaskInstance: training_pipeline.train_fraud_model manual__2025-11-23T11:48:55.500725+00:00 [running]> on host 6e60ab97c617
[2025-11-23T11:48:57.006+0000] {taskinstance.py:2480} INFO - Exporting env vars: AIRFLOW_CTX_DAG_OWNER='***' AIRFLOW_CTX_DAG_ID='training_pipeline' AIRFLOW_CTX_TASK_ID='train_fraud_model' AIRFLOW_CTX_EXECUTION_DATE='2025-11-23T11:48:55.500725+00:00' AIRFLOW_CTX_TRY_NUMBER='1' AIRFLOW_CTX_DAG_RUN_ID='manual__2025-11-23T11:48:55.500725+00:00'
[2025-11-23T11:48:57.059+0000] {docker.py:359} INFO - Starting docker container from image fraud-train:latest
[2025-11-23T11:48:57.068+0000] {docker.py:367} WARNING - Using remote engine or docker-in-docker and mounting temporary volume from host is not supported. Falling back to `mount_tmp_dir=False` mode. You can set `mount_tmp_dir` parameter to False to disable mounting and remove the warning
[2025-11-23T11:48:59.283+0000] {docker.py:429} INFO - Đọc dữ liệu từ:  /app/data/train_transaction.csv
[2025-11-23T11:48:59.284+0000] {docker.py:429} INFO - Traceback (most recent call last):
  File "/app/train_fraud_model.py", line 17, in <module>
    df = pd.read_csv(DATA_PATH)
[2025-11-23T11:48:59.289+0000] {docker.py:429} INFO - ^^^^^^^^^^^^^^^^^^^^^^
  File "/usr/local/lib/python3.11/site-packages/pandas/io/parsers/readers.py", line 1026, in read_csv
[2025-11-23T11:48:59.290+0000] {docker.py:429} INFO - return _read(filepath_or_buffer, kwds)
           ^^^^^^^^^^^^^^^^^^^^^^^^^^^^^^^
  File "/usr/local/lib/python3.11/site-packages/pandas/io/parsers/readers.py", line 620, in _read
[2025-11-23T11:48:59.290+0000] {docker.py:429} INFO - parser = TextFileReader(filepath_or_buffer, **kwds)
             ^^^^^^^^^^^^^^^^^^^^^^^^^^^^^^^^^^^^^^^^^^
  File "/usr/local/lib/python3.11/site-packages/pandas/io/parsers/readers.py", line 1620, in __init__
[2025-11-23T11:48:59.291+0000] {docker.py:429} INFO - self._engine = self._make_engine(f, self.engine)
                   ^^^^^^^^^^^^^^^^^^^^^^^^^^^^^^^^^
  File "/usr/local/lib/python3.11/site-packages/pandas/io/parsers/readers.py", line 1880, in _make_engine
[2025-11-23T11:48:59.291+0000] {docker.py:429} INFO - self.handles = get_handle(
                   ^^^^^^^^^^^
  File "/usr/local/lib/python3.11/site-packages/pandas/io/common.py", line 873, in get_handle
[2025-11-23T11:48:59.291+0000] {docker.py:429} INFO - handle = open(
             ^^^^^
FileNotFoundError: [Errno 2] No such file or directory: '/app/data/train_transaction.csv'
[2025-11-23T11:48:59.719+0000] {taskinstance.py:2698} ERROR - Task failed with exception
Traceback (most recent call last):
  File "/home/airflow/.local/lib/python3.8/site-packages/docker/api/client.py", line 265, in _raise_for_status
    response.raise_for_status()
  File "/home/airflow/.local/lib/python3.8/site-packages/requests/models.py", line 1021, in raise_for_status
    raise HTTPError(http_error_msg, response=self)
requests.exceptions.HTTPError: 400 Client Error: Bad Request for url: http+docker://localhost/v1.51/containers/create

The above exception was the direct cause of the following exception:

Traceback (most recent call last):
  File "/home/airflow/.local/lib/python3.8/site-packages/airflow/providers/docker/operators/docker.py", line 364, in _run_image
    return self._run_image_with_mounts([*self.mounts, tmp_mount], add_tmp_variable=True)
  File "/home/airflow/.local/lib/python3.8/site-packages/airflow/providers/docker/operators/docker.py", line 391, in _run_image_with_mounts
    self.container = self.cli.create_container(
  File "/home/airflow/.local/lib/python3.8/site-packages/docker/api/container.py", line 439, in create_container
    return self.create_container_from_config(config, name, platform)
  File "/home/airflow/.local/lib/python3.8/site-packages/docker/api/container.py", line 456, in create_container_from_config
    return self._result(res, True)
  File "/home/airflow/.local/lib/python3.8/site-packages/docker/api/client.py", line 271, in _result
    self._raise_for_status(response)
  File "/home/airflow/.local/lib/python3.8/site-packages/docker/api/client.py", line 267, in _raise_for_status
    raise create_api_error_from_http_exception(e) from e
  File "/home/airflow/.local/lib/python3.8/site-packages/docker/errors.py", line 39, in create_api_error_from_http_exception
    raise cls(e, response=response, explanation=explanation) from e
docker.errors.APIError: 400 Client Error for http+docker://localhost/v1.51/containers/create: Bad Request ("invalid mount config for type "bind": bind source path does not exist: /tmp/airflowtmp5egtdjea")

During handling of the above exception, another exception occurred:

Traceback (most recent call last):
  File "/home/airflow/.local/lib/python3.8/site-packages/airflow/models/taskinstance.py", line 433, in _execute_task
    result = execute_callable(context=context, **execute_callable_kwargs)
  File "/home/airflow/.local/lib/python3.8/site-packages/airflow/providers/docker/operators/docker.py", line 502, in execute
    return self._run_image()
  File "/home/airflow/.local/lib/python3.8/site-packages/airflow/providers/docker/operators/docker.py", line 373, in _run_image
    return self._run_image_with_mounts(self.mounts, add_tmp_variable=False)
  File "/home/airflow/.local/lib/python3.8/site-packages/airflow/providers/docker/operators/docker.py", line 437, in _run_image_with_mounts
    raise DockerContainerFailedException(f"Docker container failed: {result!r}", logs=log_lines)
airflow.providers.docker.exceptions.DockerContainerFailedException: Docker container failed: {'StatusCode': 1}
[2025-11-23T11:48:59.724+0000] {taskinstance.py:1138} INFO - Marking task as FAILED. dag_id=training_pipeline, task_id=train_fraud_model, execution_date=20251123T114855, start_date=20251123T114856, end_date=20251123T114859
[2025-11-23T11:48:59.735+0000] {standard_task_runner.py:107} ERROR - Failed to execute job 3 for task train_fraud_model (Docker container failed: {'StatusCode': 1}; 199)
[2025-11-23T11:48:59.754+0000] {local_task_job_runner.py:234} INFO - Task exited with return code 1
[2025-11-23T11:48:59.769+0000] {taskinstance.py:3280} INFO - 0 downstream tasks scheduled from follow-on schedule check
