[2025-11-12T13:45:59.460+0000] {taskinstance.py:1956} INFO - Dependencies all met for dep_context=non-requeueable deps ti=<TaskInstance: spark_batch_pipeline.train_model scheduled__2025-11-09T00:00:00+00:00 [queued]>
[2025-11-12T13:45:59.473+0000] {taskinstance.py:1956} INFO - Dependencies all met for dep_context=requeueable deps ti=<TaskInstance: spark_batch_pipeline.train_model scheduled__2025-11-09T00:00:00+00:00 [queued]>
[2025-11-12T13:45:59.473+0000] {taskinstance.py:2170} INFO - Starting attempt 14 of 14
[2025-11-12T13:45:59.485+0000] {taskinstance.py:2191} INFO - Executing <Task(DockerOperator): train_model> on 2025-11-09 00:00:00+00:00
[2025-11-12T13:45:59.491+0000] {standard_task_runner.py:60} INFO - Started process 184 to run task
[2025-11-12T13:45:59.494+0000] {standard_task_runner.py:87} INFO - Running: ['***', 'tasks', 'run', 'spark_batch_pipeline', 'train_model', 'scheduled__2025-11-09T00:00:00+00:00', '--job-id', '37', '--raw', '--subdir', 'DAGS_FOLDER/spark_batch_dag.py', '--cfg-path', '/tmp/tmpmwy2m6ux']
[2025-11-12T13:45:59.495+0000] {standard_task_runner.py:88} INFO - Job 37: Subtask train_model
[2025-11-12T13:45:59.510+0000] {logging_mixin.py:188} WARNING - /home/***/.local/lib/python3.8/site-packages/***/settings.py:194 DeprecationWarning: The sql_alchemy_conn option in [core] has been moved to the sql_alchemy_conn option in [database] - the old setting has been used, but please update your config.
[2025-11-12T13:45:59.542+0000] {task_command.py:423} INFO - Running <TaskInstance: spark_batch_pipeline.train_model scheduled__2025-11-09T00:00:00+00:00 [running]> on host da57bb6c33cd
[2025-11-12T13:45:59.613+0000] {taskinstance.py:2480} INFO - Exporting env vars: AIRFLOW_CTX_DAG_OWNER='***' AIRFLOW_CTX_DAG_ID='spark_batch_pipeline' AIRFLOW_CTX_TASK_ID='train_model' AIRFLOW_CTX_EXECUTION_DATE='2025-11-09T00:00:00+00:00' AIRFLOW_CTX_TRY_NUMBER='14' AIRFLOW_CTX_DAG_RUN_ID='scheduled__2025-11-09T00:00:00+00:00'
[2025-11-12T13:45:59.636+0000] {docker.py:486} INFO - Pulling docker image spark-jobs-image:latest
[2025-11-12T13:46:01.581+0000] {taskinstance.py:2698} ERROR - Task failed with exception
Traceback (most recent call last):
  File "/home/airflow/.local/lib/python3.8/site-packages/docker/api/client.py", line 265, in _raise_for_status
    response.raise_for_status()
  File "/home/airflow/.local/lib/python3.8/site-packages/requests/models.py", line 1021, in raise_for_status
    raise HTTPError(http_error_msg, response=self)
requests.exceptions.HTTPError: 404 Client Error: Not Found for url: http+docker://localhost/v1.51/images/create?tag=latest&fromImage=spark-jobs-image

The above exception was the direct cause of the following exception:

Traceback (most recent call last):
  File "/home/airflow/.local/lib/python3.8/site-packages/airflow/models/taskinstance.py", line 433, in _execute_task
    result = execute_callable(context=context, **execute_callable_kwargs)
  File "/home/airflow/.local/lib/python3.8/site-packages/airflow/providers/docker/operators/docker.py", line 488, in execute
    for output in self.cli.pull(self.image, stream=True, decode=True):
  File "/home/airflow/.local/lib/python3.8/site-packages/docker/api/image.py", line 429, in pull
    self._raise_for_status(response)
  File "/home/airflow/.local/lib/python3.8/site-packages/docker/api/client.py", line 267, in _raise_for_status
    raise create_api_error_from_http_exception(e) from e
  File "/home/airflow/.local/lib/python3.8/site-packages/docker/errors.py", line 39, in create_api_error_from_http_exception
    raise cls(e, response=response, explanation=explanation) from e
docker.errors.ImageNotFound: 404 Client Error for http+docker://localhost/v1.51/images/create?tag=latest&fromImage=spark-jobs-image: Not Found ("pull access denied for spark-jobs-image, repository does not exist or may require 'docker login'")
[2025-11-12T13:46:01.590+0000] {taskinstance.py:1138} INFO - Marking task as FAILED. dag_id=spark_batch_pipeline, task_id=train_model, execution_date=20251109T000000, start_date=20251112T134559, end_date=20251112T134601
[2025-11-12T13:46:01.601+0000] {standard_task_runner.py:107} ERROR - Failed to execute job 37 for task train_model (404 Client Error for http+docker://localhost/v1.51/images/create?tag=latest&fromImage=spark-jobs-image: Not Found ("pull access denied for spark-jobs-image, repository does not exist or may require 'docker login'"); 184)
[2025-11-12T13:46:01.631+0000] {local_task_job_runner.py:234} INFO - Task exited with return code 1
[2025-11-12T13:46:01.646+0000] {taskinstance.py:3280} INFO - 0 downstream tasks scheduled from follow-on schedule check
