[2025-11-10T10:19:40.276+0000] {taskinstance.py:1956} INFO - Dependencies all met for dep_context=non-requeueable deps ti=<TaskInstance: spark_batch_pipeline.save_to_hdfs manual__2025-11-10T10:19:39.194749+00:00 [queued]>
[2025-11-10T10:19:40.283+0000] {taskinstance.py:1956} INFO - Dependencies all met for dep_context=requeueable deps ti=<TaskInstance: spark_batch_pipeline.save_to_hdfs manual__2025-11-10T10:19:39.194749+00:00 [queued]>
[2025-11-10T10:19:40.283+0000] {taskinstance.py:2170} INFO - Starting attempt 1 of 1
[2025-11-10T10:19:40.294+0000] {taskinstance.py:2191} INFO - Executing <Task(DockerOperator): save_to_hdfs> on 2025-11-10 10:19:39.194749+00:00
[2025-11-10T10:19:40.301+0000] {standard_task_runner.py:60} INFO - Started process 338 to run task
[2025-11-10T10:19:40.303+0000] {standard_task_runner.py:87} INFO - Running: ['***', 'tasks', 'run', 'spark_batch_pipeline', 'save_to_hdfs', 'manual__2025-11-10T10:19:39.194749+00:00', '--job-id', '3', '--raw', '--subdir', 'DAGS_FOLDER/spark_batch_dag.py', '--cfg-path', '/tmp/tmph12g5v0n']
[2025-11-10T10:19:40.305+0000] {standard_task_runner.py:88} INFO - Job 3: Subtask save_to_hdfs
[2025-11-10T10:19:40.319+0000] {logging_mixin.py:188} WARNING - /home/***/.local/lib/python3.8/site-packages/***/settings.py:194 DeprecationWarning: The sql_alchemy_conn option in [core] has been moved to the sql_alchemy_conn option in [database] - the old setting has been used, but please update your config.
[2025-11-10T10:19:40.349+0000] {task_command.py:423} INFO - Running <TaskInstance: spark_batch_pipeline.save_to_hdfs manual__2025-11-10T10:19:39.194749+00:00 [running]> on host 81ad460b69d6
[2025-11-10T10:19:40.420+0000] {taskinstance.py:2480} INFO - Exporting env vars: AIRFLOW_CTX_DAG_OWNER='***' AIRFLOW_CTX_DAG_ID='spark_batch_pipeline' AIRFLOW_CTX_TASK_ID='save_to_hdfs' AIRFLOW_CTX_EXECUTION_DATE='2025-11-10T10:19:39.194749+00:00' AIRFLOW_CTX_TRY_NUMBER='1' AIRFLOW_CTX_DAG_RUN_ID='manual__2025-11-10T10:19:39.194749+00:00'
[2025-11-10T10:19:40.465+0000] {docker.py:359} INFO - Starting docker container from image apache/spark:3.5.0
[2025-11-10T10:19:40.473+0000] {taskinstance.py:2698} ERROR - Task failed with exception
Traceback (most recent call last):
  File "/home/airflow/.local/lib/python3.8/site-packages/docker/api/client.py", line 265, in _raise_for_status
    response.raise_for_status()
  File "/home/airflow/.local/lib/python3.8/site-packages/requests/models.py", line 1021, in raise_for_status
    raise HTTPError(http_error_msg, response=self)
requests.exceptions.HTTPError: 400 Client Error: Bad Request for url: http+docker://localhost/v1.51/containers/create

The above exception was the direct cause of the following exception:

Traceback (most recent call last):
  File "/home/airflow/.local/lib/python3.8/site-packages/airflow/models/taskinstance.py", line 433, in _execute_task
    result = execute_callable(context=context, **execute_callable_kwargs)
  File "/home/airflow/.local/lib/python3.8/site-packages/airflow/providers/docker/operators/docker.py", line 502, in execute
    return self._run_image()
  File "/home/airflow/.local/lib/python3.8/site-packages/airflow/providers/docker/operators/docker.py", line 364, in _run_image
    return self._run_image_with_mounts([*self.mounts, tmp_mount], add_tmp_variable=True)
  File "/home/airflow/.local/lib/python3.8/site-packages/airflow/providers/docker/operators/docker.py", line 391, in _run_image_with_mounts
    self.container = self.cli.create_container(
  File "/home/airflow/.local/lib/python3.8/site-packages/docker/api/container.py", line 439, in create_container
    return self.create_container_from_config(config, name, platform)
  File "/home/airflow/.local/lib/python3.8/site-packages/docker/api/container.py", line 456, in create_container_from_config
    return self._result(res, True)
  File "/home/airflow/.local/lib/python3.8/site-packages/docker/api/client.py", line 271, in _result
    self._raise_for_status(response)
  File "/home/airflow/.local/lib/python3.8/site-packages/docker/api/client.py", line 267, in _raise_for_status
    raise create_api_error_from_http_exception(e) from e
  File "/home/airflow/.local/lib/python3.8/site-packages/docker/errors.py", line 39, in create_api_error_from_http_exception
    raise cls(e, response=response, explanation=explanation) from e
docker.errors.APIError: 400 Client Error for http+docker://localhost/v1.51/containers/create: Bad Request ("invalid mount config for type "bind": bind source path does not exist: /đường/dẫn/tuyệt/đối/tới/spark-jobs")
[2025-11-10T10:19:40.482+0000] {taskinstance.py:1138} INFO - Marking task as FAILED. dag_id=spark_batch_pipeline, task_id=save_to_hdfs, execution_date=20251110T101939, start_date=20251110T101940, end_date=20251110T101940
[2025-11-10T10:19:40.492+0000] {standard_task_runner.py:107} ERROR - Failed to execute job 3 for task save_to_hdfs (400 Client Error for http+docker://localhost/v1.51/containers/create: Bad Request ("invalid mount config for type "bind": bind source path does not exist: /đường/dẫn/tuyệt/đối/tới/spark-jobs"); 338)
[2025-11-10T10:19:40.519+0000] {local_task_job_runner.py:234} INFO - Task exited with return code 1
[2025-11-10T10:19:40.539+0000] {taskinstance.py:3280} INFO - 0 downstream tasks scheduled from follow-on schedule check
